2022/02/24 20:33:38 SELECT *  FROM ad  WHERE slug="pe-o-rcz"
2022/02/24 20:33:38 SELECT *  FROM ad  WHERE id="36"
2022/02/24 20:33:38 SELECT *  FROM manufacturer_id  WHERE id="51"
2022/02/24 20:33:38 SELECT *  FROM model_id  WHERE id="1062"
2022/02/24 20:33:38 SELECT *  FROM type_id  WHERE id="1"
2022/02/24 20:33:38 SELECT id  FROM comments  WHERE ad_id="36"
2022/02/24 20:33:38 SELECT *  FROM comments  WHERE id="6"
2022/02/24 20:33:38 SELECT *  FROM users  WHERE id="8"
2022/02/24 20:33:38 SELECT *  FROM cities  WHERE id="7"
2022/02/24 20:33:38 SELECT *  FROM ad  WHERE id="36"
2022/02/24 20:33:38 UPDATE ad SET count = '62' WHERE id="36"
2022/02/24 20:35:26 SELECT *  FROM ad  WHERE slug="pe-o-rcz"
2022/02/24 20:35:26 SELECT *  FROM ad  WHERE id="36"
2022/02/24 20:35:26 SELECT *  FROM manufacturer_id  WHERE id="51"
2022/02/24 20:35:26 SELECT *  FROM model_id  WHERE id="1062"
2022/02/24 20:35:26 SELECT *  FROM type_id  WHERE id="1"
2022/02/24 20:35:26 SELECT id  FROM comments  WHERE ad_id="36"
2022/02/24 20:35:26 SELECT *  FROM comments  WHERE id="6"
2022/02/24 20:35:26 SELECT *  FROM users  WHERE id="8"
2022/02/24 20:35:26 SELECT *  FROM cities  WHERE id="7"
2022/02/24 20:35:26 SELECT *  FROM ad  WHERE id="36"
2022/02/24 20:35:26 UPDATE ad SET count = '63' WHERE id="36"
2022/02/24 20:35:26 SELECT *  FROM users  WHERE id=""
2022/02/24 20:35:26 SELECT *  FROM cities  WHERE id=""
2022/02/24 20:35:26 SELECT *  FROM users  WHERE id=""
2022/02/24 20:35:26 SELECT *  FROM cities  WHERE id=""
2022/02/24 20:38:26 SELECT *  FROM ad  WHERE slug="pe-o-rcz"
2022/02/24 20:38:26 SELECT *  FROM ad  WHERE id="36"
2022/02/24 20:38:26 SELECT *  FROM manufacturer_id  WHERE id="51"
2022/02/24 20:38:26 SELECT *  FROM model_id  WHERE id="1062"
2022/02/24 20:38:26 SELECT *  FROM type_id  WHERE id="1"
2022/02/24 20:38:26 SELECT id  FROM comments  WHERE ad_id="36"
2022/02/24 20:38:26 SELECT *  FROM comments  WHERE id="6"
2022/02/24 20:38:26 SELECT *  FROM users  WHERE id="8"
2022/02/24 20:38:26 SELECT *  FROM cities  WHERE id="7"
2022/02/24 20:38:26 SELECT *  FROM ad  WHERE id="36"
2022/02/24 20:38:26 UPDATE ad SET count = '64' WHERE id="36"
2022/02/24 20:38:26 SELECT *  FROM users  WHERE id=""
2022/02/24 20:38:26 SELECT *  FROM cities  WHERE id=""
2022/02/24 20:38:26 SELECT *  FROM users  WHERE id=""
2022/02/24 20:38:26 SELECT *  FROM cities  WHERE id=""
2022/02/24 20:39:41 SELECT *  FROM ad  WHERE slug="pe-o-rcz"
2022/02/24 20:39:41 SELECT *  FROM ad  WHERE id="36"
2022/02/24 20:39:41 SELECT *  FROM manufacturer_id  WHERE id="51"
2022/02/24 20:39:41 SELECT *  FROM model_id  WHERE id="1062"
2022/02/24 20:39:41 SELECT *  FROM type_id  WHERE id="1"
2022/02/24 20:39:41 SELECT id  FROM comments  WHERE ad_id="36"
2022/02/24 20:39:41 SELECT *  FROM comments  WHERE id="6"
2022/02/24 20:39:41 SELECT *  FROM users  WHERE id="8"
2022/02/24 20:39:41 SELECT *  FROM cities  WHERE id="7"
2022/02/24 20:39:41 SELECT *  FROM ad  WHERE id="36"
2022/02/24 20:39:41 UPDATE ad SET count = '65' WHERE id="36"
2022/02/24 20:39:41 SELECT *  FROM users  WHERE id=""
2022/02/24 20:39:41 SELECT *  FROM cities  WHERE id=""
2022/02/24 20:39:41 SELECT *  FROM users  WHERE id=""
2022/02/24 20:39:41 SELECT *  FROM cities  WHERE id=""
2022/02/24 20:39:43 SELECT *  FROM ad  WHERE slug="pe-o-rcz"
2022/02/24 20:39:43 SELECT *  FROM ad  WHERE id="36"
2022/02/24 20:39:43 SELECT *  FROM manufacturer_id  WHERE id="51"
2022/02/24 20:39:43 SELECT *  FROM model_id  WHERE id="1062"
2022/02/24 20:39:43 SELECT *  FROM type_id  WHERE id="1"
2022/02/24 20:39:43 SELECT id  FROM comments  WHERE ad_id="36"
2022/02/24 20:39:43 SELECT *  FROM comments  WHERE id="6"
2022/02/24 20:39:43 SELECT *  FROM users  WHERE id="8"
2022/02/24 20:39:43 SELECT *  FROM cities  WHERE id="7"
2022/02/24 20:39:43 SELECT *  FROM ad  WHERE id="36"
2022/02/24 20:39:43 UPDATE ad SET count = '66' WHERE id="36"
2022/02/24 20:39:43 SELECT *  FROM users  WHERE id=""
2022/02/24 20:39:43 SELECT *  FROM cities  WHERE id=""
2022/02/24 20:39:43 SELECT *  FROM users  WHERE id=""
2022/02/24 20:39:43 SELECT *  FROM cities  WHERE id=""
2022/02/24 20:39:43 SELECT *  FROM ad  WHERE slug="pe-o-rcz"
2022/02/24 20:39:43 SELECT *  FROM ad  WHERE id="36"
2022/02/24 20:39:43 SELECT *  FROM manufacturer_id  WHERE id="51"
2022/02/24 20:39:43 SELECT *  FROM model_id  WHERE id="1062"
2022/02/24 20:39:43 SELECT *  FROM type_id  WHERE id="1"
2022/02/24 20:39:43 SELECT id  FROM comments  WHERE ad_id="36"
2022/02/24 20:39:43 SELECT *  FROM comments  WHERE id="6"
2022/02/24 20:39:43 SELECT *  FROM users  WHERE id="8"
2022/02/24 20:39:43 SELECT *  FROM cities  WHERE id="7"
2022/02/24 20:39:43 SELECT *  FROM ad  WHERE id="36"
2022/02/24 20:39:43 UPDATE ad SET count = '67' WHERE id="36"
2022/02/24 20:39:43 SELECT *  FROM users  WHERE id=""
2022/02/24 20:39:43 SELECT *  FROM cities  WHERE id=""
2022/02/24 20:39:43 SELECT *  FROM users  WHERE id=""
2022/02/24 20:39:43 SELECT *  FROM cities  WHERE id=""
2022/02/24 20:39:43 SELECT *  FROM ad  WHERE slug="pe-o-rcz"
2022/02/24 20:39:43 SELECT *  FROM ad  WHERE id="36"
2022/02/24 20:39:43 SELECT *  FROM manufacturer_id  WHERE id="51"
2022/02/24 20:39:43 SELECT *  FROM model_id  WHERE id="1062"
2022/02/24 20:39:43 SELECT *  FROM type_id  WHERE id="1"
2022/02/24 20:39:43 SELECT id  FROM comments  WHERE ad_id="36"
2022/02/24 20:39:43 SELECT *  FROM comments  WHERE id="6"
2022/02/24 20:39:43 SELECT *  FROM users  WHERE id="8"
2022/02/24 20:39:43 SELECT *  FROM cities  WHERE id="7"
2022/02/24 20:39:43 SELECT *  FROM ad  WHERE id="36"
2022/02/24 20:39:43 UPDATE ad SET count = '68' WHERE id="36"
2022/02/24 20:39:43 SELECT *  FROM users  WHERE id=""
2022/02/24 20:39:43 SELECT *  FROM cities  WHERE id=""
2022/02/24 20:39:43 SELECT *  FROM users  WHERE id=""
2022/02/24 20:39:43 SELECT *  FROM cities  WHERE id=""
2022/02/24 20:39:43 SELECT *  FROM ad  WHERE slug="pe-o-rcz"
2022/02/24 20:39:43 SELECT *  FROM ad  WHERE id="36"
2022/02/24 20:39:43 SELECT *  FROM manufacturer_id  WHERE id="51"
2022/02/24 20:39:43 SELECT *  FROM model_id  WHERE id="1062"
2022/02/24 20:39:43 SELECT *  FROM type_id  WHERE id="1"
2022/02/24 20:39:44 SELECT id  FROM comments  WHERE ad_id="36"
2022/02/24 20:39:44 SELECT *  FROM comments  WHERE id="6"
2022/02/24 20:39:44 SELECT *  FROM users  WHERE id="8"
2022/02/24 20:39:44 SELECT *  FROM cities  WHERE id="7"
2022/02/24 20:39:44 SELECT *  FROM ad  WHERE id="36"
2022/02/24 20:39:44 UPDATE ad SET count = '69' WHERE id="36"
2022/02/24 20:39:44 SELECT *  FROM users  WHERE id=""
2022/02/24 20:39:44 SELECT *  FROM cities  WHERE id=""
2022/02/24 20:39:44 SELECT *  FROM users  WHERE id=""
2022/02/24 20:39:44 SELECT *  FROM cities  WHERE id=""
2022/02/24 20:39:44 SELECT *  FROM ad  WHERE slug="pe-o-rcz"
2022/02/24 20:39:44 SELECT *  FROM ad  WHERE id="36"
2022/02/24 20:39:44 SELECT *  FROM manufacturer_id  WHERE id="51"
2022/02/24 20:39:44 SELECT *  FROM model_id  WHERE id="1062"
2022/02/24 20:39:44 SELECT *  FROM type_id  WHERE id="1"
2022/02/24 20:39:44 SELECT id  FROM comments  WHERE ad_id="36"
2022/02/24 20:39:44 SELECT *  FROM comments  WHERE id="6"
2022/02/24 20:39:44 SELECT *  FROM users  WHERE id="8"
2022/02/24 20:39:44 SELECT *  FROM cities  WHERE id="7"
2022/02/24 20:39:44 SELECT *  FROM ad  WHERE id="36"
2022/02/24 20:39:44 UPDATE ad SET count = '70' WHERE id="36"
2022/02/24 20:39:44 SELECT *  FROM users  WHERE id=""
2022/02/24 20:39:44 SELECT *  FROM cities  WHERE id=""
2022/02/24 20:39:44 SELECT *  FROM users  WHERE id=""
2022/02/24 20:39:44 SELECT *  FROM cities  WHERE id=""
2022/02/24 20:39:44 SELECT *  FROM ad  WHERE slug="pe-o-rcz"
2022/02/24 20:39:44 SELECT *  FROM ad  WHERE id="36"
2022/02/24 20:39:44 SELECT *  FROM manufacturer_id  WHERE id="51"
2022/02/24 20:39:44 SELECT *  FROM model_id  WHERE id="1062"
2022/02/24 20:39:44 SELECT *  FROM type_id  WHERE id="1"
2022/02/24 20:39:44 SELECT id  FROM comments  WHERE ad_id="36"
2022/02/24 20:39:44 SELECT *  FROM comments  WHERE id="6"
2022/02/24 20:39:44 SELECT *  FROM users  WHERE id="8"
2022/02/24 20:39:44 SELECT *  FROM cities  WHERE id="7"
2022/02/24 20:39:44 SELECT *  FROM ad  WHERE id="36"
2022/02/24 20:39:44 UPDATE ad SET count = '71' WHERE id="36"
2022/02/24 20:39:44 SELECT *  FROM users  WHERE id=""
2022/02/24 20:39:44 SELECT *  FROM cities  WHERE id=""
2022/02/24 20:39:44 SELECT *  FROM users  WHERE id=""
2022/02/24 20:39:44 SELECT *  FROM cities  WHERE id=""
2022/02/24 20:40:05 SELECT *  FROM ad  WHERE slug="pe-o-rcz"
2022/02/24 20:40:05 SELECT *  FROM ad  WHERE id="36"
2022/02/24 20:40:05 SELECT *  FROM manufacturer_id  WHERE id="51"
2022/02/24 20:40:05 SELECT *  FROM model_id  WHERE id="1062"
2022/02/24 20:40:05 SELECT *  FROM type_id  WHERE id="1"
2022/02/24 20:40:05 SELECT id  FROM comments  WHERE ad_id="36"
2022/02/24 20:40:05 SELECT *  FROM comments  WHERE id="6"
2022/02/24 20:40:05 SELECT *  FROM users  WHERE id="8"
2022/02/24 20:40:05 SELECT *  FROM cities  WHERE id="7"
2022/02/24 20:40:05 SELECT *  FROM ad  WHERE id="36"
2022/02/24 20:40:05 UPDATE ad SET count = '72' WHERE id="36"
2022/02/24 20:40:05 SELECT *  FROM users  WHERE id="12"
2022/02/24 20:40:05 SELECT *  FROM cities  WHERE id="4"
2022/02/24 20:40:05 SELECT *  FROM users  WHERE id="12"
2022/02/24 20:40:05 SELECT *  FROM cities  WHERE id="4"
2022/02/24 20:56:25 SELECT *  FROM ad  WHERE slug="pe-o-rcz"
2022/02/24 20:56:25 SELECT *  FROM ad  WHERE id="36"
2022/02/24 20:56:25 SELECT *  FROM manufacturer_id  WHERE id="51"
2022/02/24 20:56:25 SELECT *  FROM model_id  WHERE id="1062"
2022/02/24 20:56:25 SELECT *  FROM type_id  WHERE id="1"
2022/02/24 20:56:25 SELECT id  FROM comments  WHERE ad_id="36"
2022/02/24 20:56:25 SELECT *  FROM comments  WHERE id="6"
2022/02/24 20:56:25 SELECT *  FROM users  WHERE id="8"
2022/02/24 20:56:25 SELECT *  FROM cities  WHERE id="7"
2022/02/24 20:56:25 SELECT *  FROM ad  WHERE id="36"
2022/02/24 20:56:25 UPDATE ad SET count = '73' WHERE id="36"
2022/02/24 20:56:25 SELECT *  FROM users  WHERE id=""
2022/02/24 20:56:25 SELECT *  FROM cities  WHERE id=""
2022/02/24 20:56:25 SELECT *  FROM users  WHERE id=""
2022/02/24 20:56:25 SELECT *  FROM cities  WHERE id=""
2022/02/24 21:07:38 SELECT *  FROM ad  WHERE slug="pe-o-rcz"
2022/02/24 21:07:38 SELECT *  FROM ad  WHERE id="36"
2022/02/24 21:07:38 SELECT *  FROM manufacturer_id  WHERE id="51"
2022/02/24 21:07:38 SELECT *  FROM model_id  WHERE id="1062"
2022/02/24 21:07:38 SELECT *  FROM type_id  WHERE id="1"
2022/02/24 21:07:38 SELECT id  FROM comments  WHERE ad_id="36"
2022/02/24 21:07:38 SELECT *  FROM comments  WHERE id="6"
2022/02/24 21:07:38 SELECT *  FROM users  WHERE id="8"
2022/02/24 21:07:38 SELECT *  FROM cities  WHERE id="7"
2022/02/24 21:07:38 SELECT *  FROM ad  WHERE id="36"
2022/02/24 21:07:38 UPDATE ad SET count = '74' WHERE id="36"
2022/02/24 21:07:38 SELECT *  FROM users  WHERE id="8"
2022/02/24 21:07:38 SELECT *  FROM cities  WHERE id="7"
2022/02/24 21:07:38 SELECT *  FROM users  WHERE id="8"
2022/02/24 21:07:38 SELECT *  FROM cities  WHERE id="7"
2022/02/24 21:09:52 SELECT *  FROM ad  WHERE active="1" ORDER BY date DESC LIMIT 5
2022/02/24 21:09:52 SELECT *  FROM ad  WHERE id="38"
2022/02/24 21:09:52 SELECT *  FROM manufacturer_id  WHERE id="8"
2022/02/24 21:09:52 SELECT *  FROM model_id  WHERE id="198"
2022/02/24 21:09:52 SELECT *  FROM type_id  WHERE id="1"
2022/02/24 21:09:52 SELECT *  FROM ad  WHERE id="37"
2022/02/24 21:09:52 SELECT *  FROM manufacturer_id  WHERE id="40"
2022/02/24 21:09:52 SELECT *  FROM model_id  WHERE id="759"
2022/02/24 21:09:52 SELECT *  FROM type_id  WHERE id="1"
2022/02/24 21:09:52 SELECT *  FROM ad  WHERE id="36"
2022/02/24 21:09:52 SELECT *  FROM manufacturer_id  WHERE id="51"
2022/02/24 21:09:52 SELECT *  FROM model_id  WHERE id="1062"
2022/02/24 21:09:52 SELECT *  FROM type_id  WHERE id="1"
2022/02/24 21:09:52 SELECT *  FROM ad  WHERE id="35"
2022/02/24 21:09:52 SELECT *  FROM manufacturer_id  WHERE id="11"
2022/02/24 21:09:52 SELECT *  FROM model_id  WHERE id="254"
2022/02/24 21:09:52 SELECT *  FROM type_id  WHERE id="6"
2022/02/24 21:09:52 SELECT *  FROM ad  WHERE id="34"
2022/02/24 21:09:52 SELECT *  FROM manufacturer_id  WHERE id="69"
2022/02/24 21:09:52 SELECT *  FROM model_id  WHERE id="1281"
2022/02/24 21:09:52 SELECT *  FROM type_id  WHERE id="1"
2022/02/24 21:09:52 SELECT *  FROM ad  WHERE active="1" ORDER BY count DESC LIMIT 5
2022/02/24 21:09:52 SELECT *  FROM ad  WHERE id="36"
2022/02/24 21:09:52 SELECT *  FROM manufacturer_id  WHERE id="51"
2022/02/24 21:09:52 SELECT *  FROM model_id  WHERE id="1062"
2022/02/24 21:09:52 SELECT *  FROM type_id  WHERE id="1"
2022/02/24 21:09:52 SELECT *  FROM ad  WHERE id="30"
2022/02/24 21:09:52 SELECT *  FROM manufacturer_id  WHERE id="2"
2022/02/24 21:09:52 SELECT *  FROM model_id  WHERE id="2"
2022/02/24 21:09:52 SELECT *  FROM type_id  WHERE id="2"
2022/02/24 21:09:52 SELECT *  FROM ad  WHERE id="31"
2022/02/24 21:09:52 SELECT *  FROM manufacturer_id  WHERE id="5"
2022/02/24 21:09:52 SELECT *  FROM model_id  WHERE id="54"
2022/02/24 21:09:52 SELECT *  FROM type_id  WHERE id="1"
2022/02/24 21:09:52 SELECT *  FROM ad  WHERE id="33"
2022/02/24 21:09:52 SELECT *  FROM manufacturer_id  WHERE id="20"
2022/02/24 21:09:52 SELECT *  FROM model_id  WHERE id="436"
2022/02/24 21:09:52 SELECT *  FROM type_id  WHERE id="1"
2022/02/24 21:09:52 SELECT *  FROM ad  WHERE id="34"
2022/02/24 21:09:52 SELECT *  FROM manufacturer_id  WHERE id="69"
2022/02/24 21:09:52 SELECT *  FROM model_id  WHERE id="1281"
2022/02/24 21:09:52 SELECT *  FROM type_id  WHERE id="1"
2022/02/24 21:09:52 SELECT *  FROM users  WHERE id="8"
2022/02/24 21:09:52 SELECT *  FROM cities  WHERE id="7"
2022/02/24 21:09:56 SELECT *  FROM ad  WHERE slug="troleibusas"
2022/02/24 21:09:56 SELECT *  FROM ad  WHERE id="38"
2022/02/24 21:09:56 SELECT *  FROM manufacturer_id  WHERE id="8"
2022/02/24 21:09:56 SELECT *  FROM model_id  WHERE id="198"
2022/02/24 21:09:56 SELECT *  FROM type_id  WHERE id="1"
2022/02/24 21:09:56 SELECT id  FROM comments  WHERE ad_id="38"
2022/02/24 21:09:56 SELECT *  FROM users  WHERE id="8"
2022/02/24 21:09:56 SELECT *  FROM cities  WHERE id="7"
2022/02/24 21:09:56 SELECT *  FROM ad  WHERE id="38"
2022/02/24 21:09:56 UPDATE ad SET count = '1' WHERE id="38"
2022/02/24 21:09:59 SELECT *  FROM ad  WHERE active="1" ORDER BY date DESC LIMIT 5
2022/02/24 21:09:59 SELECT *  FROM ad  WHERE id="38"
2022/02/24 21:09:59 SELECT *  FROM manufacturer_id  WHERE id="8"
2022/02/24 21:09:59 SELECT *  FROM model_id  WHERE id="198"
2022/02/24 21:09:59 SELECT *  FROM type_id  WHERE id="1"
2022/02/24 21:09:59 SELECT *  FROM ad  WHERE id="37"
2022/02/24 21:09:59 SELECT *  FROM manufacturer_id  WHERE id="40"
2022/02/24 21:09:59 SELECT *  FROM model_id  WHERE id="759"
2022/02/24 21:09:59 SELECT *  FROM type_id  WHERE id="1"
2022/02/24 21:09:59 SELECT *  FROM ad  WHERE id="36"
2022/02/24 21:09:59 SELECT *  FROM manufacturer_id  WHERE id="51"
2022/02/24 21:09:59 SELECT *  FROM model_id  WHERE id="1062"
2022/02/24 21:09:59 SELECT *  FROM type_id  WHERE id="1"
2022/02/24 21:09:59 SELECT *  FROM ad  WHERE id="35"
2022/02/24 21:09:59 SELECT *  FROM manufacturer_id  WHERE id="11"
2022/02/24 21:09:59 SELECT *  FROM model_id  WHERE id="254"
2022/02/24 21:09:59 SELECT *  FROM type_id  WHERE id="6"
2022/02/24 21:09:59 SELECT *  FROM ad  WHERE id="34"
2022/02/24 21:09:59 SELECT *  FROM manufacturer_id  WHERE id="69"
2022/02/24 21:09:59 SELECT *  FROM model_id  WHERE id="1281"
2022/02/24 21:09:59 SELECT *  FROM type_id  WHERE id="1"
2022/02/24 21:09:59 SELECT *  FROM ad  WHERE active="1" ORDER BY count DESC LIMIT 5
2022/02/24 21:09:59 SELECT *  FROM ad  WHERE id="36"
2022/02/24 21:09:59 SELECT *  FROM manufacturer_id  WHERE id="51"
2022/02/24 21:09:59 SELECT *  FROM model_id  WHERE id="1062"
2022/02/24 21:09:59 SELECT *  FROM type_id  WHERE id="1"
2022/02/24 21:09:59 SELECT *  FROM ad  WHERE id="30"
2022/02/24 21:09:59 SELECT *  FROM manufacturer_id  WHERE id="2"
2022/02/24 21:09:59 SELECT *  FROM model_id  WHERE id="2"
2022/02/24 21:09:59 SELECT *  FROM type_id  WHERE id="2"
2022/02/24 21:09:59 SELECT *  FROM ad  WHERE id="31"
2022/02/24 21:09:59 SELECT *  FROM manufacturer_id  WHERE id="5"
2022/02/24 21:09:59 SELECT *  FROM model_id  WHERE id="54"
2022/02/24 21:09:59 SELECT *  FROM type_id  WHERE id="1"
2022/02/24 21:09:59 SELECT *  FROM ad  WHERE id="33"
2022/02/24 21:09:59 SELECT *  FROM manufacturer_id  WHERE id="20"
2022/02/24 21:09:59 SELECT *  FROM model_id  WHERE id="436"
2022/02/24 21:09:59 SELECT *  FROM type_id  WHERE id="1"
2022/02/24 21:09:59 SELECT *  FROM ad  WHERE id="34"
2022/02/24 21:09:59 SELECT *  FROM manufacturer_id  WHERE id="69"
2022/02/24 21:09:59 SELECT *  FROM model_id  WHERE id="1281"
2022/02/24 21:09:59 SELECT *  FROM type_id  WHERE id="1"
2022/02/24 21:09:59 SELECT *  FROM users  WHERE id="8"
2022/02/24 21:09:59 SELECT *  FROM cities  WHERE id="7"
2022/02/24 21:27:04 SELECT *  FROM ad  WHERE slug="mazdaratti-gt"
2022/02/24 21:27:04 SELECT *  FROM ad  WHERE id="37"
2022/02/24 21:27:04 SELECT *  FROM manufacturer_id  WHERE id="40"
2022/02/24 21:27:04 SELECT *  FROM model_id  WHERE id="759"
2022/02/24 21:27:04 SELECT *  FROM type_id  WHERE id="1"
2022/02/24 21:27:04 SELECT id  FROM comments  WHERE ad_id="37"
2022/02/24 21:27:04 SELECT *  FROM users  WHERE id="8"
2022/02/24 21:27:04 SELECT *  FROM cities  WHERE id="7"
2022/02/24 21:27:04 SELECT *  FROM ad  WHERE id="37"
2022/02/24 21:27:04 UPDATE ad SET count = '1' WHERE id="37"
2022/02/24 21:27:48 SELECT *  FROM ad  WHERE slug="mazdaratti-gt"
2022/02/24 21:27:48 SELECT *  FROM ad  WHERE id="37"
2022/02/24 21:27:48 SELECT *  FROM manufacturer_id  WHERE id="40"
2022/02/24 21:27:48 SELECT *  FROM model_id  WHERE id="759"
2022/02/24 21:27:48 SELECT *  FROM type_id  WHERE id="1"
2022/02/24 21:27:48 SELECT id  FROM comments  WHERE ad_id="37"
2022/02/24 21:27:48 SELECT *  FROM users  WHERE id="8"
2022/02/24 21:27:48 SELECT *  FROM cities  WHERE id="7"
2022/02/24 21:27:48 SELECT *  FROM ad  WHERE id="37"
2022/02/24 21:27:48 UPDATE ad SET count = '2' WHERE id="37"
2022/02/24 22:23:09 SELECT *  FROM ad  WHERE active="1" ORDER BY date DESC LIMIT 5
2022/02/24 22:23:09 SELECT *  FROM ad  WHERE id="38"
2022/02/24 22:23:09 SELECT *  FROM manufacturer_id  WHERE id="8"
2022/02/24 22:23:09 SELECT *  FROM model_id  WHERE id="198"
2022/02/24 22:23:09 SELECT *  FROM type_id  WHERE id="1"
2022/02/24 22:23:09 SELECT *  FROM ad  WHERE id="37"
2022/02/24 22:23:09 SELECT *  FROM manufacturer_id  WHERE id="40"
2022/02/24 22:23:09 SELECT *  FROM model_id  WHERE id="759"
2022/02/24 22:23:09 SELECT *  FROM type_id  WHERE id="1"
2022/02/24 22:23:09 SELECT *  FROM ad  WHERE id="36"
2022/02/24 22:23:09 SELECT *  FROM manufacturer_id  WHERE id="51"
2022/02/24 22:23:09 SELECT *  FROM model_id  WHERE id="1062"
2022/02/24 22:23:09 SELECT *  FROM type_id  WHERE id="1"
2022/02/24 22:23:09 SELECT *  FROM ad  WHERE id="35"
2022/02/24 22:23:09 SELECT *  FROM manufacturer_id  WHERE id="11"
2022/02/24 22:23:09 SELECT *  FROM model_id  WHERE id="254"
2022/02/24 22:23:09 SELECT *  FROM type_id  WHERE id="6"
2022/02/24 22:23:09 SELECT *  FROM ad  WHERE id="34"
2022/02/24 22:23:09 SELECT *  FROM manufacturer_id  WHERE id="69"
2022/02/24 22:23:09 SELECT *  FROM model_id  WHERE id="1281"
2022/02/24 22:23:09 SELECT *  FROM type_id  WHERE id="1"
2022/02/24 22:23:09 SELECT *  FROM ad  WHERE active="1" ORDER BY count DESC LIMIT 5
2022/02/24 22:23:09 SELECT *  FROM ad  WHERE id="36"
2022/02/24 22:23:09 SELECT *  FROM manufacturer_id  WHERE id="51"
2022/02/24 22:23:09 SELECT *  FROM model_id  WHERE id="1062"
2022/02/24 22:23:09 SELECT *  FROM type_id  WHERE id="1"
2022/02/24 22:23:09 SELECT *  FROM ad  WHERE id="30"
2022/02/24 22:23:09 SELECT *  FROM manufacturer_id  WHERE id="2"
2022/02/24 22:23:09 SELECT *  FROM model_id  WHERE id="2"
2022/02/24 22:23:09 SELECT *  FROM type_id  WHERE id="2"
2022/02/24 22:23:09 SELECT *  FROM ad  WHERE id="31"
2022/02/24 22:23:09 SELECT *  FROM manufacturer_id  WHERE id="5"
2022/02/24 22:23:09 SELECT *  FROM model_id  WHERE id="54"
2022/02/24 22:23:09 SELECT *  FROM type_id  WHERE id="1"
2022/02/24 22:23:09 SELECT *  FROM ad  WHERE id="33"
2022/02/24 22:23:09 SELECT *  FROM manufacturer_id  WHERE id="20"
2022/02/24 22:23:09 SELECT *  FROM model_id  WHERE id="436"
2022/02/24 22:23:09 SELECT *  FROM type_id  WHERE id="1"
2022/02/24 22:23:09 SELECT *  FROM ad  WHERE id="37"
2022/02/24 22:23:09 SELECT *  FROM manufacturer_id  WHERE id="40"
2022/02/24 22:23:09 SELECT *  FROM model_id  WHERE id="759"
2022/02/24 22:23:09 SELECT *  FROM type_id  WHERE id="1"
2022/02/24 22:23:09 SELECT *  FROM users  WHERE id="8"
2022/02/24 22:23:09 SELECT *  FROM cities  WHERE id="7"
2022/02/24 22:23:54 SELECT *  FROM ad  WHERE active="1" ORDER BY date DESC LIMIT 5
2022/02/24 22:23:54 SELECT *  FROM ad  WHERE id="38"
2022/02/24 22:23:54 SELECT *  FROM manufacturer_id  WHERE id="8"
2022/02/24 22:23:54 SELECT *  FROM model_id  WHERE id="198"
2022/02/24 22:23:54 SELECT *  FROM type_id  WHERE id="1"
2022/02/24 22:23:54 SELECT *  FROM ad  WHERE id="37"
2022/02/24 22:23:54 SELECT *  FROM manufacturer_id  WHERE id="40"
2022/02/24 22:23:54 SELECT *  FROM model_id  WHERE id="759"
2022/02/24 22:23:54 SELECT *  FROM type_id  WHERE id="1"
2022/02/24 22:23:54 SELECT *  FROM ad  WHERE id="36"
2022/02/24 22:23:54 SELECT *  FROM manufacturer_id  WHERE id="51"
2022/02/24 22:23:54 SELECT *  FROM model_id  WHERE id="1062"
2022/02/24 22:23:54 SELECT *  FROM type_id  WHERE id="1"
2022/02/24 22:23:54 SELECT *  FROM ad  WHERE id="35"
2022/02/24 22:23:54 SELECT *  FROM manufacturer_id  WHERE id="11"
2022/02/24 22:23:54 SELECT *  FROM model_id  WHERE id="254"
2022/02/24 22:23:54 SELECT *  FROM type_id  WHERE id="6"
2022/02/24 22:23:54 SELECT *  FROM ad  WHERE id="34"
2022/02/24 22:23:54 SELECT *  FROM manufacturer_id  WHERE id="69"
2022/02/24 22:23:54 SELECT *  FROM model_id  WHERE id="1281"
2022/02/24 22:23:54 SELECT *  FROM type_id  WHERE id="1"
2022/02/24 22:23:54 SELECT *  FROM ad  WHERE active="1" ORDER BY count DESC LIMIT 5
2022/02/24 22:23:54 SELECT *  FROM ad  WHERE id="36"
2022/02/24 22:23:54 SELECT *  FROM manufacturer_id  WHERE id="51"
2022/02/24 22:23:54 SELECT *  FROM model_id  WHERE id="1062"
2022/02/24 22:23:54 SELECT *  FROM type_id  WHERE id="1"
2022/02/24 22:23:54 SELECT *  FROM ad  WHERE id="30"
2022/02/24 22:23:54 SELECT *  FROM manufacturer_id  WHERE id="2"
2022/02/24 22:23:54 SELECT *  FROM model_id  WHERE id="2"
2022/02/24 22:23:54 SELECT *  FROM type_id  WHERE id="2"
2022/02/24 22:23:54 SELECT *  FROM ad  WHERE id="31"
2022/02/24 22:23:54 SELECT *  FROM manufacturer_id  WHERE id="5"
2022/02/24 22:23:54 SELECT *  FROM model_id  WHERE id="54"
2022/02/24 22:23:54 SELECT *  FROM type_id  WHERE id="1"
2022/02/24 22:23:54 SELECT *  FROM ad  WHERE id="33"
2022/02/24 22:23:54 SELECT *  FROM manufacturer_id  WHERE id="20"
2022/02/24 22:23:54 SELECT *  FROM model_id  WHERE id="436"
2022/02/24 22:23:54 SELECT *  FROM type_id  WHERE id="1"
2022/02/24 22:23:54 SELECT *  FROM ad  WHERE id="37"
2022/02/24 22:23:54 SELECT *  FROM manufacturer_id  WHERE id="40"
2022/02/24 22:23:54 SELECT *  FROM model_id  WHERE id="759"
2022/02/24 22:23:54 SELECT *  FROM type_id  WHERE id="1"
2022/02/24 22:23:54 SELECT *  FROM users  WHERE id="8"
2022/02/24 22:23:54 SELECT *  FROM cities  WHERE id="7"
2022/02/24 22:24:12 SELECT *  FROM ad  WHERE slug="pe-o-rcz"
2022/02/24 22:24:12 SELECT *  FROM ad  WHERE id="36"
2022/02/24 22:24:12 SELECT *  FROM manufacturer_id  WHERE id="51"
2022/02/24 22:24:12 SELECT *  FROM model_id  WHERE id="1062"
2022/02/24 22:24:12 SELECT *  FROM type_id  WHERE id="1"
2022/02/24 22:24:12 SELECT id  FROM comments  WHERE ad_id="36"
2022/02/24 22:24:12 SELECT *  FROM comments  WHERE id="6"
2022/02/24 22:24:12 SELECT *  FROM users  WHERE id="8"
2022/02/24 22:24:12 SELECT *  FROM cities  WHERE id="7"
2022/02/24 22:24:12 SELECT *  FROM ad  WHERE id="36"
2022/02/24 22:24:12 UPDATE ad SET count = '75' WHERE id="36"
2022/02/24 22:24:12 SELECT *  FROM users  WHERE id="8"
2022/02/24 22:24:12 SELECT *  FROM cities  WHERE id="7"
2022/02/24 22:24:12 SELECT *  FROM users  WHERE id="8"
2022/02/24 22:24:12 SELECT *  FROM cities  WHERE id="7"
2022/02/24 22:24:42 SELECT *  FROM ad  WHERE id="36"
2022/02/24 22:24:42 SELECT *  FROM manufacturer_id  WHERE id="51"
2022/02/24 22:24:42 SELECT *  FROM model_id  WHERE id="1062"
2022/02/24 22:24:42 SELECT *  FROM type_id  WHERE id="1"
2022/02/24 22:24:42 INSERT INTO comments (comment,user_id,ad_id)
            VALUES ("pats tu persūktas","8","36")
2022/02/24 22:24:42 SELECT *  FROM ad  WHERE slug="pe-o-rcz"
2022/02/24 22:24:42 SELECT *  FROM ad  WHERE id="36"
2022/02/24 22:24:42 SELECT *  FROM manufacturer_id  WHERE id="51"
2022/02/24 22:24:42 SELECT *  FROM model_id  WHERE id="1062"
2022/02/24 22:24:42 SELECT *  FROM type_id  WHERE id="1"
2022/02/24 22:24:42 SELECT id  FROM comments  WHERE ad_id="36"
2022/02/24 22:24:42 SELECT *  FROM comments  WHERE id="6"
2022/02/24 22:24:42 SELECT *  FROM comments  WHERE id="7"
2022/02/24 22:24:42 SELECT *  FROM users  WHERE id="8"
2022/02/24 22:24:42 SELECT *  FROM cities  WHERE id="7"
2022/02/24 22:24:42 SELECT *  FROM ad  WHERE id="36"
2022/02/24 22:24:42 UPDATE ad SET count = '76' WHERE id="36"
2022/02/24 22:24:42 SELECT *  FROM users  WHERE id="8"
2022/02/24 22:24:42 SELECT *  FROM cities  WHERE id="7"
2022/02/24 22:24:42 SELECT *  FROM users  WHERE id="8"
2022/02/24 22:24:42 SELECT *  FROM cities  WHERE id="7"
2022/02/24 22:24:42 SELECT *  FROM users  WHERE id="8"
2022/02/24 22:24:42 SELECT *  FROM cities  WHERE id="7"
2022/02/24 22:24:42 SELECT *  FROM users  WHERE id="8"
2022/02/24 22:24:42 SELECT *  FROM cities  WHERE id="7"
2022/02/24 22:25:10 SELECT *  FROM ad  WHERE active="1" ORDER BY date DESC LIMIT 5
2022/02/24 22:25:10 SELECT *  FROM ad  WHERE id="38"
2022/02/24 22:25:10 SELECT *  FROM manufacturer_id  WHERE id="8"
2022/02/24 22:25:10 SELECT *  FROM model_id  WHERE id="198"
2022/02/24 22:25:10 SELECT *  FROM type_id  WHERE id="1"
2022/02/24 22:25:10 SELECT *  FROM ad  WHERE id="37"
2022/02/24 22:25:10 SELECT *  FROM manufacturer_id  WHERE id="40"
2022/02/24 22:25:10 SELECT *  FROM model_id  WHERE id="759"
2022/02/24 22:25:10 SELECT *  FROM type_id  WHERE id="1"
2022/02/24 22:25:10 SELECT *  FROM ad  WHERE id="36"
2022/02/24 22:25:10 SELECT *  FROM manufacturer_id  WHERE id="51"
2022/02/24 22:25:10 SELECT *  FROM model_id  WHERE id="1062"
2022/02/24 22:25:10 SELECT *  FROM type_id  WHERE id="1"
2022/02/24 22:25:10 SELECT *  FROM ad  WHERE id="35"
2022/02/24 22:25:10 SELECT *  FROM manufacturer_id  WHERE id="11"
2022/02/24 22:25:10 SELECT *  FROM model_id  WHERE id="254"
2022/02/24 22:25:10 SELECT *  FROM type_id  WHERE id="6"
2022/02/24 22:25:10 SELECT *  FROM ad  WHERE id="34"
2022/02/24 22:25:10 SELECT *  FROM manufacturer_id  WHERE id="69"
2022/02/24 22:25:10 SELECT *  FROM model_id  WHERE id="1281"
2022/02/24 22:25:10 SELECT *  FROM type_id  WHERE id="1"
2022/02/24 22:25:10 SELECT *  FROM ad  WHERE active="1" ORDER BY count DESC LIMIT 5
2022/02/24 22:25:10 SELECT *  FROM ad  WHERE id="36"
2022/02/24 22:25:10 SELECT *  FROM manufacturer_id  WHERE id="51"
2022/02/24 22:25:10 SELECT *  FROM model_id  WHERE id="1062"
2022/02/24 22:25:10 SELECT *  FROM type_id  WHERE id="1"
2022/02/24 22:25:10 SELECT *  FROM ad  WHERE id="30"
2022/02/24 22:25:10 SELECT *  FROM manufacturer_id  WHERE id="2"
2022/02/24 22:25:10 SELECT *  FROM model_id  WHERE id="2"
2022/02/24 22:25:10 SELECT *  FROM type_id  WHERE id="2"
2022/02/24 22:25:10 SELECT *  FROM ad  WHERE id="31"
2022/02/24 22:25:10 SELECT *  FROM manufacturer_id  WHERE id="5"
2022/02/24 22:25:10 SELECT *  FROM model_id  WHERE id="54"
2022/02/24 22:25:10 SELECT *  FROM type_id  WHERE id="1"
2022/02/24 22:25:10 SELECT *  FROM ad  WHERE id="33"
2022/02/24 22:25:10 SELECT *  FROM manufacturer_id  WHERE id="20"
2022/02/24 22:25:10 SELECT *  FROM model_id  WHERE id="436"
2022/02/24 22:25:10 SELECT *  FROM type_id  WHERE id="1"
2022/02/24 22:25:10 SELECT *  FROM ad  WHERE id="37"
2022/02/24 22:25:10 SELECT *  FROM manufacturer_id  WHERE id="40"
2022/02/24 22:25:10 SELECT *  FROM model_id  WHERE id="759"
2022/02/24 22:25:10 SELECT *  FROM type_id  WHERE id="1"
2022/02/24 22:25:10 SELECT *  FROM users  WHERE id="8"
2022/02/24 22:25:10 SELECT *  FROM cities  WHERE id="7"
2022/02/28 17:39:03 SELECT *  FROM ad  WHERE slug="troleibusas"
2022/02/28 17:39:03 SELECT *  FROM ad  WHERE id="38"
2022/02/28 17:39:03 SELECT *  FROM manufacturer_id  WHERE id="8"
2022/02/28 17:39:03 SELECT *  FROM model_id  WHERE id="198"
2022/02/28 17:39:03 SELECT *  FROM type_id  WHERE id="1"
2022/02/28 17:39:03 SELECT id  FROM comments  WHERE ad_id="38"
2022/02/28 17:39:03 SELECT *  FROM users  WHERE id="8"
2022/02/28 17:39:03 SELECT *  FROM cities  WHERE id="7"
2022/02/28 17:39:03 SELECT *  FROM ad  WHERE id="38"
2022/02/28 17:39:03 UPDATE ad SET count = '2' WHERE id="38"
2022/02/28 17:39:23 SELECT *  FROM ad  WHERE id="38"
2022/02/28 17:39:23 SELECT *  FROM manufacturer_id  WHERE id="8"
2022/02/28 17:39:23 SELECT *  FROM model_id  WHERE id="198"
2022/02/28 17:39:23 SELECT *  FROM type_id  WHERE id="1"
2022/02/28 17:39:23 INSERT INTO comments (comment,user_id,ad_id)
            VALUES ("aliaktrynis če?","8","38")
2022/02/28 17:39:23 SELECT *  FROM ad  WHERE slug="troleibusas"
2022/02/28 17:39:23 SELECT *  FROM ad  WHERE id="38"
2022/02/28 17:39:23 SELECT *  FROM manufacturer_id  WHERE id="8"
2022/02/28 17:39:23 SELECT *  FROM model_id  WHERE id="198"
2022/02/28 17:39:23 SELECT *  FROM type_id  WHERE id="1"
2022/02/28 17:39:23 SELECT id  FROM comments  WHERE ad_id="38"
2022/02/28 17:39:23 SELECT *  FROM comments  WHERE id="8"
2022/02/28 17:39:23 SELECT *  FROM users  WHERE id="8"
2022/02/28 17:39:23 SELECT *  FROM cities  WHERE id="7"
2022/02/28 17:39:23 SELECT *  FROM ad  WHERE id="38"
2022/02/28 17:39:23 UPDATE ad SET count = '3' WHERE id="38"
2022/02/28 17:39:23 SELECT *  FROM users  WHERE id="8"
2022/02/28 17:39:23 SELECT *  FROM cities  WHERE id="7"
2022/02/28 17:39:23 SELECT *  FROM users  WHERE id="8"
2022/02/28 17:39:23 SELECT *  FROM cities  WHERE id="7"
2022/02/28 17:39:44 SELECT *  FROM ad  WHERE active="1" ORDER BY date DESC LIMIT 5
2022/02/28 17:39:44 SELECT *  FROM ad  WHERE id="38"
2022/02/28 17:39:44 SELECT *  FROM manufacturer_id  WHERE id="8"
2022/02/28 17:39:44 SELECT *  FROM model_id  WHERE id="198"
2022/02/28 17:39:44 SELECT *  FROM type_id  WHERE id="1"
2022/02/28 17:39:44 SELECT *  FROM ad  WHERE id="37"
2022/02/28 17:39:44 SELECT *  FROM manufacturer_id  WHERE id="40"
2022/02/28 17:39:44 SELECT *  FROM model_id  WHERE id="759"
2022/02/28 17:39:44 SELECT *  FROM type_id  WHERE id="1"
2022/02/28 17:39:44 SELECT *  FROM ad  WHERE id="36"
2022/02/28 17:39:44 SELECT *  FROM manufacturer_id  WHERE id="51"
2022/02/28 17:39:44 SELECT *  FROM model_id  WHERE id="1062"
2022/02/28 17:39:44 SELECT *  FROM type_id  WHERE id="1"
2022/02/28 17:39:44 SELECT *  FROM ad  WHERE id="35"
2022/02/28 17:39:45 SELECT *  FROM manufacturer_id  WHERE id="11"
2022/02/28 17:39:45 SELECT *  FROM model_id  WHERE id="254"
2022/02/28 17:39:45 SELECT *  FROM type_id  WHERE id="6"
2022/02/28 17:39:45 SELECT *  FROM ad  WHERE id="34"
2022/02/28 17:39:45 SELECT *  FROM manufacturer_id  WHERE id="69"
2022/02/28 17:39:45 SELECT *  FROM model_id  WHERE id="1281"
2022/02/28 17:39:45 SELECT *  FROM type_id  WHERE id="1"
2022/02/28 17:39:45 SELECT *  FROM ad  WHERE active="1" ORDER BY count DESC LIMIT 5
2022/02/28 17:39:45 SELECT *  FROM ad  WHERE id="36"
2022/02/28 17:39:45 SELECT *  FROM manufacturer_id  WHERE id="51"
2022/02/28 17:39:45 SELECT *  FROM model_id  WHERE id="1062"
2022/02/28 17:39:45 SELECT *  FROM type_id  WHERE id="1"
2022/02/28 17:39:45 SELECT *  FROM ad  WHERE id="30"
2022/02/28 17:39:45 SELECT *  FROM manufacturer_id  WHERE id="2"
2022/02/28 17:39:45 SELECT *  FROM model_id  WHERE id="2"
2022/02/28 17:39:45 SELECT *  FROM type_id  WHERE id="2"
2022/02/28 17:39:45 SELECT *  FROM ad  WHERE id="31"
2022/02/28 17:39:45 SELECT *  FROM manufacturer_id  WHERE id="5"
2022/02/28 17:39:45 SELECT *  FROM model_id  WHERE id="54"
2022/02/28 17:39:45 SELECT *  FROM type_id  WHERE id="1"
2022/02/28 17:39:45 SELECT *  FROM ad  WHERE id="33"
2022/02/28 17:39:45 SELECT *  FROM manufacturer_id  WHERE id="20"
2022/02/28 17:39:45 SELECT *  FROM model_id  WHERE id="436"
2022/02/28 17:39:45 SELECT *  FROM type_id  WHERE id="1"
2022/02/28 17:39:45 SELECT *  FROM ad  WHERE id="38"
2022/02/28 17:39:45 SELECT *  FROM manufacturer_id  WHERE id="8"
2022/02/28 17:39:45 SELECT *  FROM model_id  WHERE id="198"
2022/02/28 17:39:45 SELECT *  FROM type_id  WHERE id="1"
2022/02/28 17:39:45 SELECT *  FROM users  WHERE id="8"
2022/02/28 17:39:45 SELECT *  FROM cities  WHERE id="7"
